{"C:\\Users\\a.chalvantzis\\Desktop\\Node-MongoDB-API\\test-setup.ts": {"path":"C:\\Users\\a.chalvantzis\\Desktop\\Node-MongoDB-API\\test-setup.ts","statementMap":{"0":{"start":{"line":1,"column":0},"end":{"line":1,"column":32}},"1":{"start":{"line":3,"column":0},"end":{"line":3,"column":37}},"2":{"start":{"line":4,"column":0},"end":{"line":4,"column":34}},"3":{"start":{"line":7,"column":10},"end":{"line":7,"column":69}},"4":{"start":{"line":16,"column":10},"end":{"line":16,"column":69}},"5":{"start":{"line":17,"column":44},"end":{"line":17,"column":null}},"6":{"start":{"line":17,"column":33},"end":{"line":17,"column":null}},"7":{"start":{"line":17,"column":15},"end":{"line":17,"column":33}},"8":{"start":{"line":18,"column":14},"end":{"line":18,"column":75}},"9":{"start":{"line":20,"column":12},"end":{"line":20,"column":36}},"10":{"start":{"line":23,"column":12},"end":{"line":23,"column":57}},"11":{"start":{"line":23,"column":50},"end":{"line":23,"column":57}},"12":{"start":{"line":26,"column":12},"end":{"line":31,"column":23}},"13":{"start":{"line":31,"column":16},"end":{"line":31,"column":23}},"14":{"start":{"line":32,"column":12},"end":{"line":32,"column":39}},"15":{"start":{"line":37,"column":0},"end":{"line":59,"column":2}},"16":{"start":{"line":38,"column":4},"end":{"line":38,"column":11}},"17":{"start":{"line":40,"column":8},"end":{"line":46,"column":11}},"18":{"start":{"line":40,"column":18},"end":{"line":46,"column":10}},"19":{"start":{"line":41,"column":18},"end":{"line":41,"column":62}},"20":{"start":{"line":42,"column":12},"end":{"line":45,"column":15}},"21":{"start":{"line":49,"column":8},"end":{"line":51,"column":11}},"22":{"start":{"line":49,"column":18},"end":{"line":51,"column":10}},"23":{"start":{"line":50,"column":12},"end":{"line":50,"column":41}},"24":{"start":{"line":54,"column":8},"end":{"line":57,"column":11}},"25":{"start":{"line":54,"column":17},"end":{"line":57,"column":10}},"26":{"start":{"line":55,"column":12},"end":{"line":55,"column":39}},"27":{"start":{"line":56,"column":12},"end":{"line":56,"column":46}}},"fnMap":{"0":{"name":"removeAllCollections","decl":{"start":{"line":6,"column":15},"end":{"line":6,"column":35}},"loc":{"start":{"line":6,"column":35},"end":{"line":13,"column":null}}},"1":{"name":"dropAllCollections","decl":{"start":{"line":15,"column":15},"end":{"line":15,"column":33}},"loc":{"start":{"line":15,"column":33},"end":{"line":35,"column":null}}},"2":{"name":"(anonymous_20)","decl":{"start":{"line":38,"column":4},"end":{"line":38,"column":11}},"loc":{"start":{"line":38,"column":32},"end":{"line":58,"column":5}}},"3":{"name":"(anonymous_21)","decl":{"start":{"line":40,"column":18},"end":{"line":40,"column":null}},"loc":{"start":{"line":40,"column":18},"end":{"line":46,"column":10}}},"4":{"name":"(anonymous_24)","decl":{"start":{"line":49,"column":18},"end":{"line":49,"column":null}},"loc":{"start":{"line":49,"column":18},"end":{"line":51,"column":10}}},"5":{"name":"(anonymous_27)","decl":{"start":{"line":54,"column":17},"end":{"line":54,"column":null}},"loc":{"start":{"line":54,"column":17},"end":{"line":57,"column":10}}}},"branchMap":{"0":{"loc":{"start":{"line":17,"column":33},"end":{"line":17,"column":null}},"type":"if","locations":[{"start":{"line":17,"column":33},"end":{"line":17,"column":null}},{"start":{"line":17,"column":33},"end":{"line":17,"column":null}}]},"1":{"loc":{"start":{"line":23,"column":12},"end":{"line":23,"column":57}},"type":"if","locations":[{"start":{"line":23,"column":12},"end":{"line":23,"column":57}},{"start":{"line":23,"column":12},"end":{"line":23,"column":57}}]},"2":{"loc":{"start":{"line":26,"column":12},"end":{"line":31,"column":23}},"type":"if","locations":[{"start":{"line":26,"column":12},"end":{"line":31,"column":23}},{"start":{"line":26,"column":12},"end":{"line":31,"column":23}}]},"3":{"loc":{"start":{"line":50,"column":12},"end":{"line":50,"column":41}},"type":"switch","locations":[{"start":{"line":50,"column":12},"end":{"line":50,"column":41}}]},"4":{"loc":{"start":{"line":55,"column":12},"end":{"line":55,"column":39}},"type":"switch","locations":[{"start":{"line":55,"column":12},"end":{"line":55,"column":39}}]}},"s":{"0":2,"1":2,"2":2,"3":2,"4":2,"5":2,"6":4,"7":3,"8":3,"9":6,"10":2,"11":2,"12":0,"13":0,"14":0,"15":2,"16":2,"17":2,"18":2,"19":2,"20":4,"21":2,"22":2,"23":4,"24":2,"25":2,"26":4,"27":4},"f":{"0":2,"1":2,"2":2,"3":4,"4":4,"5":4},"b":{"0":[0,3],"1":[2,0],"2":[0,0],"3":[2],"4":[2]}}
,"C:\\Users\\a.chalvantzis\\Desktop\\Node-MongoDB-API\\src\\app.ts": {"path":"C:\\Users\\a.chalvantzis\\Desktop\\Node-MongoDB-API\\src\\app.ts","statementMap":{"0":{"start":{"line":1,"column":0},"end":{"line":1,"column":80}},"1":{"start":{"line":2,"column":0},"end":{"line":2,"column":37}},"2":{"start":{"line":3,"column":0},"end":{"line":3,"column":24}},"3":{"start":{"line":4,"column":0},"end":{"line":4,"column":28}},"4":{"start":{"line":5,"column":0},"end":{"line":5,"column":32}},"5":{"start":{"line":6,"column":0},"end":{"line":6,"column":28}},"6":{"start":{"line":7,"column":0},"end":{"line":7,"column":28}},"7":{"start":{"line":10,"column":0},"end":{"line":10,"column":45}},"8":{"start":{"line":11,"column":0},"end":{"line":11,"column":51}},"9":{"start":{"line":12,"column":0},"end":{"line":12,"column":53}},"10":{"start":{"line":14,"column":25},"end":{"line":14,"column":34}},"11":{"start":{"line":15,"column":0},"end":{"line":15,"column":16}},"12":{"start":{"line":17,"column":0},"end":{"line":17,"column":18}},"13":{"start":{"line":18,"column":0},"end":{"line":18,"column":23}},"14":{"start":{"line":19,"column":0},"end":{"line":19,"column":47}},"15":{"start":{"line":20,"column":0},"end":{"line":20,"column":52}},"16":{"start":{"line":21,"column":0},"end":{"line":21,"column":27}},"17":{"start":{"line":23,"column":0},"end":{"line":29,"column":2}},"18":{"start":{"line":32,"column":0},"end":{"line":32,"column":35}},"19":{"start":{"line":33,"column":0},"end":{"line":33,"column":41}},"20":{"start":{"line":34,"column":0},"end":{"line":34,"column":43}},"21":{"start":{"line":36,"column":0},"end":{"line":44,"column":2}},"22":{"start":{"line":46,"column":0},"end":{"line":49,"column":3}},"23":{"start":{"line":47,"column":18},"end":{"line":47,"column":40}},"24":{"start":{"line":48,"column":4},"end":{"line":48,"column":16}},"25":{"start":{"line":51,"column":0},"end":{"line":66,"column":2}},"26":{"start":{"line":58,"column":8},"end":{"line":58,"column":40}},"27":{"start":{"line":59,"column":8},"end":{"line":64,"column":11}},"28":{"start":{"line":68,"column":0},"end":{"line":68,"column":19}}},"fnMap":{"0":{"name":"(anonymous_1)","decl":{"start":{"line":46,"column":8},"end":{"line":46,"column":9}},"loc":{"start":{"line":46,"column":42},"end":{"line":49,"column":1}}},"1":{"name":"(anonymous_2)","decl":{"start":{"line":52,"column":4},"end":{"line":52,"column":null}},"loc":{"start":{"line":56,"column":26},"end":{"line":65,"column":5}}}},"branchMap":{"0":{"loc":{"start":{"line":58,"column":19},"end":{"line":58,"column":31}},"type":"binary-expr","locations":[{"start":{"line":58,"column":19},"end":{"line":58,"column":31}},{"start":{"line":58,"column":35},"end":{"line":58,"column":38}}]}},"s":{"0":2,"1":2,"2":2,"3":2,"4":2,"5":2,"6":2,"7":2,"8":2,"9":2,"10":2,"11":2,"12":2,"13":2,"14":2,"15":2,"16":2,"17":2,"18":2,"19":2,"20":2,"21":2,"22":2,"23":0,"24":0,"25":2,"26":0,"27":0,"28":2},"f":{"0":0,"1":0},"b":{"0":[0,0]}}
,"C:\\Users\\a.chalvantzis\\Desktop\\Node-MongoDB-API\\src\\api\\controllers\\authController.ts": {"path":"C:\\Users\\a.chalvantzis\\Desktop\\Node-MongoDB-API\\src\\api\\controllers\\authController.ts","statementMap":{"0":{"start":{"line":2,"column":0},"end":{"line":2,"column":28}},"1":{"start":{"line":3,"column":0},"end":{"line":3,"column":31}},"2":{"start":{"line":4,"column":0},"end":{"line":4,"column":55}},"3":{"start":{"line":7,"column":13},"end":{"line":45,"column":2}},"4":{"start":{"line":10,"column":22},"end":{"line":45,"column":2}},"5":{"start":{"line":13,"column":8},"end":{"line":13,"column":33}},"6":{"start":{"line":17,"column":21},"end":{"line":17,"column":null}},"7":{"start":{"line":17,"column":14},"end":{"line":17,"column":null}},"8":{"start":{"line":18,"column":8},"end":{"line":41,"column":null}},"9":{"start":{"line":19,"column":12},"end":{"line":21,"column":15}},"10":{"start":{"line":23,"column":12},"end":{"line":40,"column":15}},"11":{"start":{"line":23,"column":54},"end":{"line":40,"column":14}},"12":{"start":{"line":24,"column":20},"end":{"line":24,"column":23}},"13":{"start":{"line":25,"column":20},"end":{"line":27,"column":23}},"14":{"start":{"line":29,"column":36},"end":{"line":32,"column":null}},"15":{"start":{"line":29,"column":26},"end":{"line":32,"column":null}},"16":{"start":{"line":34,"column":20},"end":{"line":36,"column":23}},"17":{"start":{"line":43,"column":8},"end":{"line":43,"column":75}},"18":{"start":{"line":47,"column":13},"end":{"line":98,"column":2}},"19":{"start":{"line":50,"column":22},"end":{"line":98,"column":2}},"20":{"start":{"line":53,"column":8},"end":{"line":53,"column":33}},"21":{"start":{"line":57,"column":21},"end":{"line":57,"column":null}},"22":{"start":{"line":57,"column":14},"end":{"line":57,"column":null}},"23":{"start":{"line":59,"column":8},"end":{"line":63,"column":null}},"24":{"start":{"line":60,"column":12},"end":{"line":62,"column":15}},"25":{"start":{"line":65,"column":8},"end":{"line":92,"column":11}},"26":{"start":{"line":66,"column":12},"end":{"line":70,"column":null}},"27":{"start":{"line":67,"column":16},"end":{"line":69,"column":19}},"28":{"start":{"line":71,"column":12},"end":{"line":87,"column":null}},"29":{"start":{"line":72,"column":30},"end":{"line":80,"column":null}},"30":{"start":{"line":83,"column":16},"end":{"line":86,"column":19}},"31":{"start":{"line":89,"column":12},"end":{"line":91,"column":15}},"32":{"start":{"line":94,"column":8},"end":{"line":96,"column":11}},"33":{"start":{"line":100,"column":13},"end":{"line":120,"column":2}},"34":{"start":{"line":103,"column":22},"end":{"line":120,"column":2}},"35":{"start":{"line":106,"column":18},"end":{"line":106,"column":null}},"36":{"start":{"line":109,"column":4},"end":{"line":119,"column":null}},"37":{"start":{"line":110,"column":8},"end":{"line":110,"column":45}},"38":{"start":{"line":112,"column":8},"end":{"line":114,"column":11}},"39":{"start":{"line":116,"column":8},"end":{"line":118,"column":11}}},"fnMap":{"0":{"name":"(anonymous_20)","decl":{"start":{"line":7,"column":26},"end":{"line":7,"column":null}},"loc":{"start":{"line":10,"column":22},"end":{"line":45,"column":2}}},"1":{"name":"(anonymous_21)","decl":{"start":{"line":10,"column":22},"end":{"line":10,"column":null}},"loc":{"start":{"line":10,"column":22},"end":{"line":45,"column":2}}},"2":{"name":"(anonymous_23)","decl":{"start":{"line":23,"column":38},"end":{"line":23,"column":45}},"loc":{"start":{"line":23,"column":54},"end":{"line":40,"column":14}}},"3":{"name":"(anonymous_24)","decl":{"start":{"line":23,"column":54},"end":{"line":23,"column":null}},"loc":{"start":{"line":23,"column":54},"end":{"line":40,"column":14}}},"4":{"name":"(anonymous_26)","decl":{"start":{"line":47,"column":25},"end":{"line":47,"column":null}},"loc":{"start":{"line":50,"column":22},"end":{"line":98,"column":2}}},"5":{"name":"(anonymous_27)","decl":{"start":{"line":50,"column":22},"end":{"line":50,"column":null}},"loc":{"start":{"line":50,"column":22},"end":{"line":98,"column":2}}},"6":{"name":"(anonymous_29)","decl":{"start":{"line":65,"column":51},"end":{"line":65,"column":52}},"loc":{"start":{"line":65,"column":65},"end":{"line":92,"column":9}}},"7":{"name":"(anonymous_30)","decl":{"start":{"line":100,"column":26},"end":{"line":100,"column":null}},"loc":{"start":{"line":103,"column":22},"end":{"line":120,"column":2}}},"8":{"name":"(anonymous_31)","decl":{"start":{"line":103,"column":22},"end":{"line":103,"column":null}},"loc":{"start":{"line":103,"column":22},"end":{"line":120,"column":2}}}},"branchMap":{"0":{"loc":{"start":{"line":18,"column":8},"end":{"line":41,"column":null}},"type":"if","locations":[{"start":{"line":18,"column":8},"end":{"line":41,"column":null}},{"start":{"line":18,"column":8},"end":{"line":41,"column":null}}]},"1":{"loc":{"start":{"line":29,"column":36},"end":{"line":32,"column":null}},"type":"switch","locations":[{"start":{"line":29,"column":36},"end":{"line":32,"column":null}}]},"2":{"loc":{"start":{"line":24,"column":20},"end":{"line":24,"column":23}},"type":"if","locations":[{"start":{"line":24,"column":20},"end":{"line":24,"column":23}},{"start":{"line":24,"column":20},"end":{"line":24,"column":23}}]},"3":{"loc":{"start":{"line":59,"column":8},"end":{"line":63,"column":null}},"type":"if","locations":[{"start":{"line":59,"column":8},"end":{"line":63,"column":null}},{"start":{"line":59,"column":8},"end":{"line":63,"column":null}}]},"4":{"loc":{"start":{"line":66,"column":12},"end":{"line":70,"column":null}},"type":"if","locations":[{"start":{"line":66,"column":12},"end":{"line":70,"column":null}},{"start":{"line":66,"column":12},"end":{"line":70,"column":null}}]},"5":{"loc":{"start":{"line":71,"column":12},"end":{"line":87,"column":null}},"type":"if","locations":[{"start":{"line":71,"column":12},"end":{"line":87,"column":null}},{"start":{"line":71,"column":12},"end":{"line":87,"column":null}}]}},"s":{"0":2,"1":2,"2":2,"3":2,"4":1,"5":1,"6":1,"7":1,"8":1,"9":0,"10":1,"11":1,"12":2,"13":0,"14":1,"15":1,"16":1,"17":0,"18":2,"19":0,"20":0,"21":0,"22":0,"23":0,"24":0,"25":0,"26":0,"27":0,"28":0,"29":0,"30":0,"31":0,"32":0,"33":2,"34":0,"35":0,"36":0,"37":0,"38":0,"39":0},"f":{"0":1,"1":1,"2":1,"3":1,"4":0,"5":0,"6":0,"7":0,"8":0},"b":{"0":[0,1],"1":[1],"2":[1,0],"3":[0,0],"4":[0,0],"5":[0,0]}}
,"C:\\Users\\a.chalvantzis\\Desktop\\Node-MongoDB-API\\src\\api\\controllers\\productController.ts": {"path":"C:\\Users\\a.chalvantzis\\Desktop\\Node-MongoDB-API\\src\\api\\controllers\\productController.ts","statementMap":{"0":{"start":{"line":2,"column":0},"end":{"line":2,"column":61}},"1":{"start":{"line":4,"column":13},"end":{"line":32,"column":2}},"2":{"start":{"line":7,"column":22},"end":{"line":32,"column":2}},"3":{"start":{"line":10,"column":25},"end":{"line":10,"column":null}},"4":{"start":{"line":10,"column":14},"end":{"line":10,"column":null}},"5":{"start":{"line":12,"column":14},"end":{"line":26,"column":10}},"6":{"start":{"line":15,"column":16},"end":{"line":24,"column":18}},"7":{"start":{"line":28,"column":8},"end":{"line":28,"column":46}},"8":{"start":{"line":30,"column":8},"end":{"line":30,"column":47}},"9":{"start":{"line":34,"column":13},"end":{"line":58,"column":2}},"10":{"start":{"line":37,"column":22},"end":{"line":58,"column":2}},"11":{"start":{"line":39,"column":12},"end":{"line":39,"column":26}},"12":{"start":{"line":42,"column":24},"end":{"line":42,"column":null}},"13":{"start":{"line":42,"column":14},"end":{"line":42,"column":null}},"14":{"start":{"line":44,"column":14},"end":{"line":52,"column":10}},"15":{"start":{"line":54,"column":8},"end":{"line":54,"column":24}},"16":{"start":{"line":56,"column":8},"end":{"line":56,"column":47}},"17":{"start":{"line":60,"column":13},"end":{"line":91,"column":2}},"18":{"start":{"line":63,"column":22},"end":{"line":91,"column":2}},"19":{"start":{"line":67,"column":12},"end":{"line":68,"column":33}},"20":{"start":{"line":71,"column":8},"end":{"line":73,"column":null}},"21":{"start":{"line":72,"column":12},"end":{"line":72,"column":44}},"22":{"start":{"line":75,"column":24},"end":{"line":75,"column":null}},"23":{"start":{"line":75,"column":14},"end":{"line":75,"column":null}},"24":{"start":{"line":77,"column":14},"end":{"line":85,"column":10}},"25":{"start":{"line":87,"column":8},"end":{"line":87,"column":50}},"26":{"start":{"line":89,"column":8},"end":{"line":89,"column":47}},"27":{"start":{"line":93,"column":13},"end":{"line":115,"column":2}},"28":{"start":{"line":96,"column":22},"end":{"line":115,"column":2}},"29":{"start":{"line":98,"column":12},"end":{"line":98,"column":26}},"30":{"start":{"line":101,"column":24},"end":{"line":101,"column":null}},"31":{"start":{"line":101,"column":14},"end":{"line":101,"column":null}},"32":{"start":{"line":103,"column":8},"end":{"line":103,"column":75}},"33":{"start":{"line":103,"column":40},"end":{"line":103,"column":75}},"34":{"start":{"line":105,"column":8},"end":{"line":111,"column":11}},"35":{"start":{"line":113,"column":8},"end":{"line":113,"column":47}}},"fnMap":{"0":{"name":"(anonymous_19)","decl":{"start":{"line":4,"column":29},"end":{"line":4,"column":null}},"loc":{"start":{"line":7,"column":22},"end":{"line":32,"column":2}}},"1":{"name":"(anonymous_20)","decl":{"start":{"line":7,"column":22},"end":{"line":7,"column":null}},"loc":{"start":{"line":7,"column":22},"end":{"line":32,"column":2}}},"2":{"name":"(anonymous_22)","decl":{"start":{"line":14,"column":35},"end":{"line":14,"column":36}},"loc":{"start":{"line":14,"column":43},"end":{"line":25,"column":13}}},"3":{"name":"(anonymous_23)","decl":{"start":{"line":34,"column":31},"end":{"line":34,"column":null}},"loc":{"start":{"line":37,"column":22},"end":{"line":58,"column":2}}},"4":{"name":"(anonymous_24)","decl":{"start":{"line":37,"column":22},"end":{"line":37,"column":null}},"loc":{"start":{"line":37,"column":22},"end":{"line":58,"column":2}}},"5":{"name":"(anonymous_26)","decl":{"start":{"line":60,"column":26},"end":{"line":60,"column":null}},"loc":{"start":{"line":63,"column":22},"end":{"line":91,"column":2}}},"6":{"name":"(anonymous_27)","decl":{"start":{"line":63,"column":22},"end":{"line":63,"column":null}},"loc":{"start":{"line":63,"column":22},"end":{"line":91,"column":2}}},"7":{"name":"(anonymous_29)","decl":{"start":{"line":93,"column":29},"end":{"line":93,"column":null}},"loc":{"start":{"line":96,"column":22},"end":{"line":115,"column":2}}},"8":{"name":"(anonymous_30)","decl":{"start":{"line":96,"column":22},"end":{"line":96,"column":null}},"loc":{"start":{"line":96,"column":22},"end":{"line":115,"column":2}}}},"branchMap":{"0":{"loc":{"start":{"line":46,"column":18},"end":{"line":48,"column":20}},"type":"cond-expr","locations":[{"start":{"line":46,"column":18},"end":{"line":48,"column":20}},{"start":{"line":49,"column":18},"end":{"line":51,"column":80}}]},"1":{"loc":{"start":{"line":71,"column":8},"end":{"line":73,"column":null}},"type":"if","locations":[{"start":{"line":71,"column":8},"end":{"line":73,"column":null}},{"start":{"line":71,"column":8},"end":{"line":73,"column":null}}]},"2":{"loc":{"start":{"line":103,"column":8},"end":{"line":103,"column":75}},"type":"if","locations":[{"start":{"line":103,"column":8},"end":{"line":103,"column":75}},{"start":{"line":103,"column":8},"end":{"line":103,"column":75}}]}},"s":{"0":2,"1":2,"2":0,"3":0,"4":0,"5":0,"6":0,"7":0,"8":0,"9":2,"10":0,"11":0,"12":0,"13":0,"14":0,"15":0,"16":0,"17":2,"18":0,"19":0,"20":0,"21":0,"22":0,"23":0,"24":0,"25":0,"26":0,"27":2,"28":0,"29":0,"30":0,"31":0,"32":0,"33":0,"34":0,"35":0},"f":{"0":0,"1":0,"2":0,"3":0,"4":0,"5":0,"6":0,"7":0,"8":0},"b":{"0":[0,0],"1":[0,0],"2":[0,0]}}
,"C:\\Users\\a.chalvantzis\\Desktop\\Node-MongoDB-API\\src\\api\\controllers\\userController.ts": {"path":"C:\\Users\\a.chalvantzis\\Desktop\\Node-MongoDB-API\\src\\api\\controllers\\userController.ts","statementMap":{"0":{"start":{"line":2,"column":0},"end":{"line":2,"column":55}},"1":{"start":{"line":4,"column":13},"end":{"line":29,"column":2}},"2":{"start":{"line":10,"column":22},"end":{"line":10,"column":null}},"3":{"start":{"line":10,"column":14},"end":{"line":10,"column":null}},"4":{"start":{"line":11,"column":14},"end":{"line":23,"column":10}},"5":{"start":{"line":14,"column":16},"end":{"line":21,"column":18}},"6":{"start":{"line":25,"column":8},"end":{"line":25,"column":46}},"7":{"start":{"line":27,"column":8},"end":{"line":27,"column":73}}},"fnMap":{"0":{"name":"(anonymous_19)","decl":{"start":{"line":4,"column":26},"end":{"line":4,"column":null}},"loc":{"start":{"line":7,"column":22},"end":{"line":29,"column":2}}},"1":{"name":"(anonymous_22)","decl":{"start":{"line":13,"column":29},"end":{"line":13,"column":30}},"loc":{"start":{"line":13,"column":34},"end":{"line":22,"column":13}}}},"branchMap":{},"s":{"0":2,"1":2,"2":1,"3":1,"4":1,"5":1,"6":1,"7":0},"f":{"0":1,"1":1},"b":{}}
,"C:\\Users\\a.chalvantzis\\Desktop\\Node-MongoDB-API\\src\\api\\middleware\\checkAuth.ts": {"path":"C:\\Users\\a.chalvantzis\\Desktop\\Node-MongoDB-API\\src\\api\\middleware\\checkAuth.ts","statementMap":{"0":{"start":{"line":2,"column":0},"end":{"line":2,"column":31}},"1":{"start":{"line":4,"column":13},"end":{"line":16,"column":2}},"2":{"start":{"line":5,"column":30},"end":{"line":5,"column":42}},"3":{"start":{"line":6,"column":4},"end":{"line":15,"column":null}},"4":{"start":{"line":7,"column":22},"end":{"line":7,"column":60}},"5":{"start":{"line":8,"column":24},"end":{"line":8,"column":72}},"6":{"start":{"line":9,"column":8},"end":{"line":9,"column":36}},"7":{"start":{"line":10,"column":8},"end":{"line":10,"column":15}},"8":{"start":{"line":12,"column":8},"end":{"line":14,"column":11}}},"fnMap":{"0":{"name":"(anonymous_1)","decl":{"start":{"line":4,"column":25},"end":{"line":4,"column":26}},"loc":{"start":{"line":4,"column":73},"end":{"line":16,"column":1}}}},"branchMap":{"0":{"loc":{"start":{"line":7,"column":35},"end":{"line":7,"column":37}},"type":"cond-expr","locations":[{"start":{"line":7,"column":35},"end":{"line":7,"column":37}},{"start":{"line":7,"column":22},"end":{"line":7,"column":60}}]},"1":{"loc":{"start":{"line":7,"column":22},"end":{"line":7,"column":37}},"type":"binary-expr","locations":[{"start":{"line":7,"column":22},"end":{"line":7,"column":37}},{"start":{"line":7,"column":22},"end":{"line":7,"column":37}}]}},"s":{"0":2,"1":2,"2":0,"3":0,"4":0,"5":0,"6":0,"7":0,"8":0},"f":{"0":0},"b":{"0":[0,0],"1":[0,0]}}
,"C:\\Users\\a.chalvantzis\\Desktop\\Node-MongoDB-API\\src\\api\\middleware\\uploadPicture.ts": {"path":"C:\\Users\\a.chalvantzis\\Desktop\\Node-MongoDB-API\\src\\api\\middleware\\uploadPicture.ts","statementMap":{"0":{"start":{"line":2,"column":0},"end":{"line":2,"column":28}},"1":{"start":{"line":4,"column":16},"end":{"line":11,"column":2}},"2":{"start":{"line":6,"column":8},"end":{"line":6,"column":28}},"3":{"start":{"line":9,"column":8},"end":{"line":9,"column":64}},"4":{"start":{"line":13,"column":19},"end":{"line":22,"column":1}},"5":{"start":{"line":14,"column":4},"end":{"line":21,"column":null}},"6":{"start":{"line":16,"column":8},"end":{"line":16,"column":23}},"7":{"start":{"line":18,"column":8},"end":{"line":18,"column":37}},"8":{"start":{"line":20,"column":8},"end":{"line":20,"column":75}},"9":{"start":{"line":24,"column":13},"end":{"line":30,"column":3}}},"fnMap":{"0":{"name":"(anonymous_1)","decl":{"start":{"line":5,"column":17},"end":{"line":5,"column":27}},"loc":{"start":{"line":5,"column":70},"end":{"line":7,"column":5}}},"1":{"name":"(anonymous_2)","decl":{"start":{"line":8,"column":14},"end":{"line":8,"column":24}},"loc":{"start":{"line":8,"column":67},"end":{"line":10,"column":5}}},"2":{"name":"(anonymous_3)","decl":{"start":{"line":13,"column":19},"end":{"line":13,"column":20}},"loc":{"start":{"line":13,"column":68},"end":{"line":22,"column":1}}}},"branchMap":{"0":{"loc":{"start":{"line":14,"column":4},"end":{"line":21,"column":null}},"type":"if","locations":[{"start":{"line":14,"column":4},"end":{"line":21,"column":null}},{"start":{"line":14,"column":4},"end":{"line":21,"column":null}}]},"1":{"loc":{"start":{"line":14,"column":8},"end":{"line":14,"column":37}},"type":"binary-expr","locations":[{"start":{"line":14,"column":8},"end":{"line":14,"column":37}},{"start":{"line":14,"column":41},"end":{"line":14,"column":69}}]}},"s":{"0":2,"1":2,"2":0,"3":0,"4":2,"5":0,"6":0,"7":0,"8":0,"9":2},"f":{"0":0,"1":0,"2":0},"b":{"0":[0,0],"1":[0,0]}}
,"C:\\Users\\a.chalvantzis\\Desktop\\Node-MongoDB-API\\src\\api\\models\\product.ts": {"path":"C:\\Users\\a.chalvantzis\\Desktop\\Node-MongoDB-API\\src\\api\\models\\product.ts","statementMap":{"0":{"start":{"line":1,"column":0},"end":{"line":1,"column":51}},"1":{"start":{"line":10,"column":22},"end":{"line":15,"column":2}},"2":{"start":{"line":17,"column":13},"end":{"line":17,"column":68}}},"fnMap":{},"branchMap":{},"s":{"0":2,"1":2,"2":2},"f":{},"b":{}}
,"C:\\Users\\a.chalvantzis\\Desktop\\Node-MongoDB-API\\src\\api\\models\\user.ts": {"path":"C:\\Users\\a.chalvantzis\\Desktop\\Node-MongoDB-API\\src\\api\\models\\user.ts","statementMap":{"0":{"start":{"line":1,"column":0},"end":{"line":1,"column":51}},"1":{"start":{"line":9,"column":19},"end":{"line":17,"column":2}},"2":{"start":{"line":19,"column":13},"end":{"line":19,"column":56}}},"fnMap":{},"branchMap":{},"s":{"0":2,"1":2,"2":2},"f":{},"b":{}}
,"C:\\Users\\a.chalvantzis\\Desktop\\Node-MongoDB-API\\src\\api\\routes\\products.ts": {"path":"C:\\Users\\a.chalvantzis\\Desktop\\Node-MongoDB-API\\src\\api\\routes\\products.ts","statementMap":{"0":{"start":{"line":1,"column":0},"end":{"line":1,"column":33}},"1":{"start":{"line":2,"column":0},"end":{"line":2,"column":52}},"2":{"start":{"line":3,"column":0},"end":{"line":3,"column":53}},"3":{"start":{"line":5,"column":0},"end":{"line":5,"column":70}},"4":{"start":{"line":7,"column":15},"end":{"line":7,"column":23}},"5":{"start":{"line":9,"column":0},"end":{"line":9,"column":49}},"6":{"start":{"line":11,"column":0},"end":{"line":11,"column":61}},"7":{"start":{"line":13,"column":0},"end":{"line":18,"column":2}},"8":{"start":{"line":20,"column":0},"end":{"line":20,"column":73}},"9":{"start":{"line":22,"column":0},"end":{"line":22,"column":22}}},"fnMap":{},"branchMap":{},"s":{"0":2,"1":2,"2":2,"3":2,"4":2,"5":2,"6":2,"7":2,"8":2,"9":2},"f":{},"b":{}}
,"C:\\Users\\a.chalvantzis\\Desktop\\Node-MongoDB-API\\src\\api\\routes\\user\\index.ts": {"path":"C:\\Users\\a.chalvantzis\\Desktop\\Node-MongoDB-API\\src\\api\\routes\\user\\index.ts","statementMap":{"0":{"start":{"line":1,"column":0},"end":{"line":1,"column":33}},"1":{"start":{"line":2,"column":0},"end":{"line":2,"column":67}},"2":{"start":{"line":4,"column":15},"end":{"line":4,"column":23}},"3":{"start":{"line":6,"column":0},"end":{"line":6,"column":50}},"4":{"start":{"line":8,"column":0},"end":{"line":8,"column":48}},"5":{"start":{"line":10,"column":0},"end":{"line":10,"column":53}},"6":{"start":{"line":12,"column":0},"end":{"line":12,"column":22}}},"fnMap":{},"branchMap":{},"s":{"0":2,"1":2,"2":2,"3":2,"4":2,"5":2,"6":2},"f":{},"b":{}}
,"C:\\Users\\a.chalvantzis\\Desktop\\Node-MongoDB-API\\src\\api\\routes\\users\\index.ts": {"path":"C:\\Users\\a.chalvantzis\\Desktop\\Node-MongoDB-API\\src\\api\\routes\\users\\index.ts","statementMap":{"0":{"start":{"line":1,"column":0},"end":{"line":1,"column":33}},"1":{"start":{"line":2,"column":0},"end":{"line":2,"column":67}},"2":{"start":{"line":4,"column":15},"end":{"line":4,"column":23}},"3":{"start":{"line":6,"column":0},"end":{"line":6,"column":43}},"4":{"start":{"line":8,"column":0},"end":{"line":8,"column":22}}},"fnMap":{},"branchMap":{},"s":{"0":2,"1":2,"2":2,"3":2,"4":2},"f":{},"b":{}}
,"C:\\Users\\a.chalvantzis\\Desktop\\Node-MongoDB-API\\src\\api\\services\\productService.ts": {"path":"C:\\Users\\a.chalvantzis\\Desktop\\Node-MongoDB-API\\src\\api\\services\\productService.ts","statementMap":{"0":{"start":{"line":1,"column":0},"end":{"line":1,"column":32}},"1":{"start":{"line":2,"column":0},"end":{"line":2,"column":57}},"2":{"start":{"line":4,"column":13},"end":{"line":6,"column":2}},"3":{"start":{"line":5,"column":4},"end":{"line":5,"column":33}},"4":{"start":{"line":8,"column":13},"end":{"line":14,"column":2}},"5":{"start":{"line":11,"column":4},"end":{"line":13,"column":16}},"6":{"start":{"line":16,"column":13},"end":{"line":29,"column":2}},"7":{"start":{"line":19,"column":29},"end":{"line":29,"column":2}},"8":{"start":{"line":21,"column":10},"end":{"line":26,"column":7}},"9":{"start":{"line":28,"column":4},"end":{"line":28,"column":26}},"10":{"start":{"line":31,"column":13},"end":{"line":42,"column":2}},"11":{"start":{"line":41,"column":4},"end":{"line":41,"column":56}}},"fnMap":{"0":{"name":"(anonymous_14)","decl":{"start":{"line":4,"column":29},"end":{"line":4,"column":null}},"loc":{"start":{"line":4,"column":29},"end":{"line":6,"column":1}}},"1":{"name":"(anonymous_15)","decl":{"start":{"line":8,"column":31},"end":{"line":8,"column":null}},"loc":{"start":{"line":9,"column":21},"end":{"line":14,"column":1}}},"2":{"name":"(anonymous_16)","decl":{"start":{"line":16,"column":26},"end":{"line":16,"column":null}},"loc":{"start":{"line":19,"column":29},"end":{"line":29,"column":2}}},"3":{"name":"(anonymous_17)","decl":{"start":{"line":19,"column":29},"end":{"line":19,"column":null}},"loc":{"start":{"line":19,"column":29},"end":{"line":29,"column":2}}},"4":{"name":"(anonymous_19)","decl":{"start":{"line":31,"column":29},"end":{"line":31,"column":null}},"loc":{"start":{"line":32,"column":21},"end":{"line":42,"column":1}}}},"branchMap":{},"s":{"0":2,"1":2,"2":2,"3":0,"4":2,"5":0,"6":2,"7":0,"8":0,"9":0,"10":2,"11":0},"f":{"0":0,"1":0,"2":0,"3":0,"4":0},"b":{}}
,"C:\\Users\\a.chalvantzis\\Desktop\\Node-MongoDB-API\\src\\api\\services\\userService.ts": {"path":"C:\\Users\\a.chalvantzis\\Desktop\\Node-MongoDB-API\\src\\api\\services\\userService.ts","statementMap":{"0":{"start":{"line":1,"column":0},"end":{"line":1,"column":32}},"1":{"start":{"line":2,"column":0},"end":{"line":2,"column":48}},"2":{"start":{"line":4,"column":13},"end":{"line":10,"column":2}},"3":{"start":{"line":5,"column":4},"end":{"line":9,"column":null}},"4":{"start":{"line":6,"column":8},"end":{"line":6,"column":54}},"5":{"start":{"line":8,"column":8},"end":{"line":8,"column":17}},"6":{"start":{"line":12,"column":13},"end":{"line":18,"column":2}},"7":{"start":{"line":13,"column":4},"end":{"line":17,"column":null}},"8":{"start":{"line":14,"column":8},"end":{"line":14,"column":43}},"9":{"start":{"line":16,"column":8},"end":{"line":16,"column":17}},"10":{"start":{"line":20,"column":13},"end":{"line":35,"column":2}},"11":{"start":{"line":22,"column":16},"end":{"line":35,"column":2}},"12":{"start":{"line":24,"column":10},"end":{"line":28,"column":7}},"13":{"start":{"line":31,"column":15},"end":{"line":31,"column":33}},"14":{"start":{"line":31,"column":8},"end":{"line":31,"column":33}},"15":{"start":{"line":33,"column":8},"end":{"line":33,"column":17}},"16":{"start":{"line":37,"column":13},"end":{"line":43,"column":2}},"17":{"start":{"line":38,"column":4},"end":{"line":42,"column":null}},"18":{"start":{"line":39,"column":8},"end":{"line":39,"column":47}},"19":{"start":{"line":41,"column":8},"end":{"line":41,"column":17}}},"fnMap":{"0":{"name":"(anonymous_14)","decl":{"start":{"line":4,"column":26},"end":{"line":4,"column":null}},"loc":{"start":{"line":4,"column":26},"end":{"line":10,"column":1}}},"1":{"name":"(anonymous_15)","decl":{"start":{"line":12,"column":24},"end":{"line":12,"column":25}},"loc":{"start":{"line":12,"column":38},"end":{"line":18,"column":1}}},"2":{"name":"(anonymous_16)","decl":{"start":{"line":20,"column":30},"end":{"line":20,"column":null}},"loc":{"start":{"line":22,"column":16},"end":{"line":35,"column":2}}},"3":{"name":"(anonymous_17)","decl":{"start":{"line":22,"column":16},"end":{"line":22,"column":null}},"loc":{"start":{"line":22,"column":16},"end":{"line":35,"column":2}}},"4":{"name":"(anonymous_19)","decl":{"start":{"line":37,"column":32},"end":{"line":37,"column":33}},"loc":{"start":{"line":37,"column":47},"end":{"line":43,"column":1}}}},"branchMap":{"0":{"loc":{"start":{"line":31,"column":8},"end":{"line":31,"column":33}},"type":"switch","locations":[{"start":{"line":31,"column":8},"end":{"line":31,"column":33}}]}},"s":{"0":2,"1":2,"2":2,"3":1,"4":1,"5":0,"6":2,"7":1,"8":1,"9":0,"10":2,"11":1,"12":1,"13":1,"14":1,"15":0,"16":2,"17":0,"18":0,"19":0},"f":{"0":1,"1":1,"2":1,"3":1,"4":0},"b":{"0":[1]}}
}
