TN:
SF:test-setup.ts
FN:6,removeAllCollections
FN:15,dropAllCollections
FN:38,(anonymous_20)
FN:40,(anonymous_21)
FN:49,(anonymous_24)
FN:54,(anonymous_27)
FNF:6
FNH:6
FNDA:2,removeAllCollections
FNDA:2,dropAllCollections
FNDA:2,(anonymous_20)
FNDA:4,(anonymous_21)
FNDA:4,(anonymous_24)
FNDA:4,(anonymous_27)
DA:1,2
DA:3,2
DA:4,2
DA:7,2
DA:16,2
DA:17,4
DA:18,3
DA:20,6
DA:23,2
DA:26,0
DA:31,0
DA:32,0
DA:37,2
DA:38,2
DA:40,2
DA:41,2
DA:42,4
DA:49,2
DA:50,4
DA:54,2
DA:55,4
DA:56,4
LF:22
LH:19
BRDA:17,0,0,0
BRDA:17,0,1,3
BRDA:23,1,0,2
BRDA:23,1,1,0
BRDA:26,2,0,0
BRDA:26,2,1,0
BRDA:50,3,0,2
BRDA:55,4,0,2
BRF:8
BRH:4
end_of_record
TN:
SF:src\app.ts
FN:46,(anonymous_1)
FN:52,(anonymous_2)
FNF:2
FNH:0
FNDA:0,(anonymous_1)
FNDA:0,(anonymous_2)
DA:1,2
DA:2,2
DA:3,2
DA:4,2
DA:5,2
DA:6,2
DA:7,2
DA:10,2
DA:11,2
DA:12,2
DA:14,2
DA:15,2
DA:17,2
DA:18,2
DA:19,2
DA:20,2
DA:21,2
DA:23,2
DA:32,2
DA:33,2
DA:34,2
DA:36,2
DA:46,2
DA:47,0
DA:48,0
DA:51,2
DA:58,0
DA:59,0
DA:68,2
LF:29
LH:25
BRDA:58,0,0,0
BRDA:58,0,1,0
BRF:2
BRH:0
end_of_record
TN:
SF:src\api\controllers\authController.ts
FN:7,(anonymous_20)
FN:10,(anonymous_21)
FN:23,(anonymous_23)
FN:23,(anonymous_24)
FN:47,(anonymous_26)
FN:50,(anonymous_27)
FN:65,(anonymous_29)
FN:100,(anonymous_30)
FN:103,(anonymous_31)
FNF:9
FNH:4
FNDA:1,(anonymous_20)
FNDA:1,(anonymous_21)
FNDA:1,(anonymous_23)
FNDA:1,(anonymous_24)
FNDA:0,(anonymous_26)
FNDA:0,(anonymous_27)
FNDA:0,(anonymous_29)
FNDA:0,(anonymous_30)
FNDA:0,(anonymous_31)
DA:2,2
DA:3,2
DA:4,2
DA:7,2
DA:10,1
DA:13,1
DA:17,1
DA:18,1
DA:19,0
DA:23,1
DA:24,2
DA:25,0
DA:29,1
DA:34,1
DA:43,0
DA:47,2
DA:50,0
DA:53,0
DA:57,0
DA:59,0
DA:60,0
DA:65,0
DA:66,0
DA:67,0
DA:71,0
DA:72,0
DA:83,0
DA:89,0
DA:94,0
DA:100,2
DA:103,0
DA:106,0
DA:109,0
DA:110,0
DA:112,0
DA:116,0
LF:36
LH:14
BRDA:18,0,0,0
BRDA:18,0,1,1
BRDA:29,1,0,1
BRDA:24,2,0,1
BRDA:24,2,1,0
BRDA:59,3,0,0
BRDA:59,3,1,0
BRDA:66,4,0,0
BRDA:66,4,1,0
BRDA:71,5,0,0
BRDA:71,5,1,0
BRF:11
BRH:3
end_of_record
TN:
SF:src\api\controllers\productController.ts
FN:4,(anonymous_19)
FN:7,(anonymous_20)
FN:14,(anonymous_22)
FN:34,(anonymous_23)
FN:37,(anonymous_24)
FN:60,(anonymous_26)
FN:63,(anonymous_27)
FN:93,(anonymous_29)
FN:96,(anonymous_30)
FNF:9
FNH:0
FNDA:0,(anonymous_19)
FNDA:0,(anonymous_20)
FNDA:0,(anonymous_22)
FNDA:0,(anonymous_23)
FNDA:0,(anonymous_24)
FNDA:0,(anonymous_26)
FNDA:0,(anonymous_27)
FNDA:0,(anonymous_29)
FNDA:0,(anonymous_30)
DA:2,2
DA:4,2
DA:7,0
DA:10,0
DA:12,0
DA:15,0
DA:28,0
DA:30,0
DA:34,2
DA:37,0
DA:39,0
DA:42,0
DA:44,0
DA:54,0
DA:56,0
DA:60,2
DA:63,0
DA:67,0
DA:71,0
DA:72,0
DA:75,0
DA:77,0
DA:87,0
DA:89,0
DA:93,2
DA:96,0
DA:98,0
DA:101,0
DA:103,0
DA:105,0
DA:113,0
LF:31
LH:5
BRDA:46,0,0,0
BRDA:46,0,1,0
BRDA:71,1,0,0
BRDA:71,1,1,0
BRDA:103,2,0,0
BRDA:103,2,1,0
BRF:6
BRH:0
end_of_record
TN:
SF:src\api\controllers\userController.ts
FN:4,(anonymous_19)
FN:13,(anonymous_22)
FNF:2
FNH:2
FNDA:1,(anonymous_19)
FNDA:1,(anonymous_22)
DA:2,2
DA:4,2
DA:10,1
DA:11,1
DA:14,1
DA:25,1
DA:27,0
LF:7
LH:6
BRF:0
BRH:0
end_of_record
TN:
SF:src\api\middleware\checkAuth.ts
FN:4,(anonymous_1)
FNF:1
FNH:0
FNDA:0,(anonymous_1)
DA:2,2
DA:4,2
DA:5,0
DA:6,0
DA:7,0
DA:8,0
DA:9,0
DA:10,0
DA:12,0
LF:9
LH:2
BRDA:7,0,0,0
BRDA:7,0,1,0
BRDA:7,1,0,0
BRDA:7,1,1,0
BRF:4
BRH:0
end_of_record
TN:
SF:src\api\middleware\uploadPicture.ts
FN:5,(anonymous_1)
FN:8,(anonymous_2)
FN:13,(anonymous_3)
FNF:3
FNH:0
FNDA:0,(anonymous_1)
FNDA:0,(anonymous_2)
FNDA:0,(anonymous_3)
DA:2,2
DA:4,2
DA:6,0
DA:9,0
DA:13,2
DA:14,0
DA:16,0
DA:18,0
DA:20,0
DA:24,2
LF:10
LH:4
BRDA:14,0,0,0
BRDA:14,0,1,0
BRDA:14,1,0,0
BRDA:14,1,1,0
BRF:4
BRH:0
end_of_record
TN:
SF:src\api\models\product.ts
FNF:0
FNH:0
DA:1,2
DA:10,2
DA:17,2
LF:3
LH:3
BRF:0
BRH:0
end_of_record
TN:
SF:src\api\models\user.ts
FNF:0
FNH:0
DA:1,2
DA:9,2
DA:19,2
LF:3
LH:3
BRF:0
BRH:0
end_of_record
TN:
SF:src\api\routes\products.ts
FNF:0
FNH:0
DA:1,2
DA:2,2
DA:3,2
DA:5,2
DA:7,2
DA:9,2
DA:11,2
DA:13,2
DA:20,2
DA:22,2
LF:10
LH:10
BRF:0
BRH:0
end_of_record
TN:
SF:src\api\routes\user\index.ts
FNF:0
FNH:0
DA:1,2
DA:2,2
DA:4,2
DA:6,2
DA:8,2
DA:10,2
DA:12,2
LF:7
LH:7
BRF:0
BRH:0
end_of_record
TN:
SF:src\api\routes\users\index.ts
FNF:0
FNH:0
DA:1,2
DA:2,2
DA:4,2
DA:6,2
DA:8,2
LF:5
LH:5
BRF:0
BRH:0
end_of_record
TN:
SF:src\api\services\productService.ts
FN:4,(anonymous_14)
FN:8,(anonymous_15)
FN:16,(anonymous_16)
FN:19,(anonymous_17)
FN:31,(anonymous_19)
FNF:5
FNH:0
FNDA:0,(anonymous_14)
FNDA:0,(anonymous_15)
FNDA:0,(anonymous_16)
FNDA:0,(anonymous_17)
FNDA:0,(anonymous_19)
DA:1,2
DA:2,2
DA:4,2
DA:5,0
DA:8,2
DA:11,0
DA:16,2
DA:19,0
DA:21,0
DA:28,0
DA:31,2
DA:41,0
LF:12
LH:6
BRF:0
BRH:0
end_of_record
TN:
SF:src\api\services\userService.ts
FN:4,(anonymous_14)
FN:12,(anonymous_15)
FN:20,(anonymous_16)
FN:22,(anonymous_17)
FN:37,(anonymous_19)
FNF:5
FNH:4
FNDA:1,(anonymous_14)
FNDA:1,(anonymous_15)
FNDA:1,(anonymous_16)
FNDA:1,(anonymous_17)
FNDA:0,(anonymous_19)
DA:1,2
DA:2,2
DA:4,2
DA:5,1
DA:6,1
DA:8,0
DA:12,2
DA:13,1
DA:14,1
DA:16,0
DA:20,2
DA:22,1
DA:24,1
DA:31,1
DA:33,0
DA:37,2
DA:38,0
DA:39,0
DA:41,0
LF:19
LH:13
BRDA:31,0,0,1
BRF:1
BRH:1
end_of_record
